<?xml version="1.0" encoding="UTF-8"?>
<testsuite xmlns:xsi="http://www.w3.org/2001/XMLSchema-instance" xsi:noNamespaceSchemaLocation="https://maven.apache.org/surefire/maven-surefire-plugin/xsd/surefire-test-report-3.0.xsd" version="3.0" name="com.example.interview.unit.dao.UserDAOTest" time="0.954" tests="1" errors="1" skipped="0" failures="0">
  <properties>
    <property name="java.specification.version" value="18"/>
    <property name="sun.jnu.encoding" value="UTF-8"/>
    <property name="java.class.path" value="/Users/Liam/interview-api/target/test-classes:/Users/Liam/interview-api/target/classes:/Users/Liam/.m2/repository/io/dropwizard/dropwizard-core/1.3.1/dropwizard-core-1.3.1.jar:/Users/Liam/.m2/repository/io/dropwizard/dropwizard-util/1.3.1/dropwizard-util-1.3.1.jar:/Users/Liam/.m2/repository/com/google/code/findbugs/jsr305/3.0.2/jsr305-3.0.2.jar:/Users/Liam/.m2/repository/joda-time/joda-time/2.9.9/joda-time-2.9.9.jar:/Users/Liam/.m2/repository/io/dropwizard/dropwizard-jackson/1.3.1/dropwizard-jackson-1.3.1.jar:/Users/Liam/.m2/repository/com/fasterxml/jackson/datatype/jackson-datatype-guava/2.9.5/jackson-datatype-guava-2.9.5.jar:/Users/Liam/.m2/repository/com/fasterxml/jackson/datatype/jackson-datatype-jsr310/2.9.5/jackson-datatype-jsr310-2.9.5.jar:/Users/Liam/.m2/repository/com/fasterxml/jackson/datatype/jackson-datatype-jdk8/2.9.5/jackson-datatype-jdk8-2.9.5.jar:/Users/Liam/.m2/repository/com/fasterxml/jackson/module/jackson-module-parameter-names/2.9.5/jackson-module-parameter-names-2.9.5.jar:/Users/Liam/.m2/repository/com/fasterxml/jackson/module/jackson-module-afterburner/2.9.5/jackson-module-afterburner-2.9.5.jar:/Users/Liam/.m2/repository/com/fasterxml/jackson/datatype/jackson-datatype-joda/2.9.5/jackson-datatype-joda-2.9.5.jar:/Users/Liam/.m2/repository/io/dropwizard/dropwizard-validation/1.3.1/dropwizard-validation-1.3.1.jar:/Users/Liam/.m2/repository/org/hibernate/hibernate-validator/5.4.2.Final/hibernate-validator-5.4.2.Final.jar:/Users/Liam/.m2/repository/javax/validation/validation-api/1.1.0.Final/validation-api-1.1.0.Final.jar:/Users/Liam/.m2/repository/org/jboss/logging/jboss-logging/3.3.0.Final/jboss-logging-3.3.0.Final.jar:/Users/Liam/.m2/repository/org/glassfish/javax.el/3.0.0/javax.el-3.0.0.jar:/Users/Liam/.m2/repository/org/javassist/javassist/3.22.0-GA/javassist-3.22.0-GA.jar:/Users/Liam/.m2/repository/io/dropwizard/dropwizard-configuration/1.3.1/dropwizard-configuration-1.3.1.jar:/Users/Liam/.m2/repository/com/fasterxml/jackson/dataformat/jackson-dataformat-yaml/2.9.5/jackson-dataformat-yaml-2.9.5.jar:/Users/Liam/.m2/repository/org/yaml/snakeyaml/1.18/snakeyaml-1.18.jar:/Users/Liam/.m2/repository/org/apache/commons/commons-text/1.2/commons-text-1.2.jar:/Users/Liam/.m2/repository/io/dropwizard/dropwizard-logging/1.3.1/dropwizard-logging-1.3.1.jar:/Users/Liam/.m2/repository/io/dropwizard/metrics/metrics-logback/4.0.2/metrics-logback-4.0.2.jar:/Users/Liam/.m2/repository/org/slf4j/jul-to-slf4j/1.7.25/jul-to-slf4j-1.7.25.jar:/Users/Liam/.m2/repository/ch/qos/logback/logback-core/1.2.3/logback-core-1.2.3.jar:/Users/Liam/.m2/repository/ch/qos/logback/logback-classic/1.2.3/logback-classic-1.2.3.jar:/Users/Liam/.m2/repository/org/slf4j/log4j-over-slf4j/1.7.25/log4j-over-slf4j-1.7.25.jar:/Users/Liam/.m2/repository/org/slf4j/jcl-over-slf4j/1.7.25/jcl-over-slf4j-1.7.25.jar:/Users/Liam/.m2/repository/org/eclipse/jetty/jetty-util/9.4.8.v20171121/jetty-util-9.4.8.v20171121.jar:/Users/Liam/.m2/repository/io/dropwizard/dropwizard-metrics/1.3.1/dropwizard-metrics-1.3.1.jar:/Users/Liam/.m2/repository/io/dropwizard/dropwizard-jersey/1.3.1/dropwizard-jersey-1.3.1.jar:/Users/Liam/.m2/repository/org/glassfish/jersey/core/jersey-server/2.25.1/jersey-server-2.25.1.jar:/Users/Liam/.m2/repository/org/glassfish/jersey/media/jersey-media-jaxb/2.25.1/jersey-media-jaxb-2.25.1.jar:/Users/Liam/.m2/repository/javax/annotation/javax.annotation-api/1.2/javax.annotation-api-1.2.jar:/Users/Liam/.m2/repository/org/glassfish/jersey/ext/jersey-metainf-services/2.25.1/jersey-metainf-services-2.25.1.jar:/Users/Liam/.m2/repository/org/glassfish/jersey/ext/jersey-bean-validation/2.25.1/jersey-bean-validation-2.25.1.jar:/Users/Liam/.m2/repository/io/dropwizard/metrics/metrics-jersey2/4.0.2/metrics-jersey2-4.0.2.jar:/Users/Liam/.m2/repository/com/fasterxml/jackson/jaxrs/jackson-jaxrs-json-provider/2.9.5/jackson-jaxrs-json-provider-2.9.5.jar:/Users/Liam/.m2/repository/com/fasterxml/jackson/jaxrs/jackson-jaxrs-base/2.9.5/jackson-jaxrs-base-2.9.5.jar:/Users/Liam/.m2/repository/com/fasterxml/jackson/module/jackson-module-jaxb-annotations/2.9.5/jackson-module-jaxb-annotations-2.9.5.jar:/Users/Liam/.m2/repository/org/glassfish/jersey/containers/jersey-container-servlet/2.25.1/jersey-container-servlet-2.25.1.jar:/Users/Liam/.m2/repository/org/glassfish/jersey/containers/jersey-container-servlet-core/2.25.1/jersey-container-servlet-core-2.25.1.jar:/Users/Liam/.m2/repository/org/eclipse/jetty/jetty-continuation/9.4.8.v20171121/jetty-continuation-9.4.8.v20171121.jar:/Users/Liam/.m2/repository/io/dropwizard/dropwizard-servlets/1.3.1/dropwizard-servlets-1.3.1.jar:/Users/Liam/.m2/repository/io/dropwizard/metrics/metrics-annotation/4.0.2/metrics-annotation-4.0.2.jar:/Users/Liam/.m2/repository/io/dropwizard/dropwizard-jetty/1.3.1/dropwizard-jetty-1.3.1.jar:/Users/Liam/.m2/repository/io/dropwizard/metrics/metrics-jetty9/4.0.2/metrics-jetty9-4.0.2.jar:/Users/Liam/.m2/repository/org/eclipse/jetty/jetty-http/9.4.8.v20171121/jetty-http-9.4.8.v20171121.jar:/Users/Liam/.m2/repository/io/dropwizard/dropwizard-lifecycle/1.3.1/dropwizard-lifecycle-1.3.1.jar:/Users/Liam/.m2/repository/io/dropwizard/metrics/metrics-core/4.0.2/metrics-core-4.0.2.jar:/Users/Liam/.m2/repository/io/dropwizard/metrics/metrics-jvm/4.0.2/metrics-jvm-4.0.2.jar:/Users/Liam/.m2/repository/io/dropwizard/metrics/metrics-jmx/4.0.2/metrics-jmx-4.0.2.jar:/Users/Liam/.m2/repository/io/dropwizard/metrics/metrics-servlets/4.0.2/metrics-servlets-4.0.2.jar:/Users/Liam/.m2/repository/io/dropwizard/metrics/metrics-json/4.0.2/metrics-json-4.0.2.jar:/Users/Liam/.m2/repository/com/papertrail/profiler/1.0.2/profiler-1.0.2.jar:/Users/Liam/.m2/repository/io/dropwizard/metrics/metrics-healthchecks/4.0.2/metrics-healthchecks-4.0.2.jar:/Users/Liam/.m2/repository/io/dropwizard/dropwizard-request-logging/1.3.1/dropwizard-request-logging-1.3.1.jar:/Users/Liam/.m2/repository/ch/qos/logback/logback-access/1.2.3/logback-access-1.2.3.jar:/Users/Liam/.m2/repository/net/sourceforge/argparse4j/argparse4j/0.8.1/argparse4j-0.8.1.jar:/Users/Liam/.m2/repository/org/eclipse/jetty/toolchain/setuid/jetty-setuid-java/1.0.3/jetty-setuid-java-1.0.3.jar:/Users/Liam/.m2/repository/io/dropwizard/dropwizard-client/1.3.1/dropwizard-client-1.3.1.jar:/Users/Liam/.m2/repository/org/glassfish/jersey/core/jersey-client/2.25.1/jersey-client-2.25.1.jar:/Users/Liam/.m2/repository/javax/ws/rs/javax.ws.rs-api/2.0.1/javax.ws.rs-api-2.0.1.jar:/Users/Liam/.m2/repository/org/glassfish/jersey/core/jersey-common/2.25.1/jersey-common-2.25.1.jar:/Users/Liam/.m2/repository/org/glassfish/jersey/bundles/repackaged/jersey-guava/2.25.1/jersey-guava-2.25.1.jar:/Users/Liam/.m2/repository/org/glassfish/hk2/osgi-resource-locator/1.0.1/osgi-resource-locator-1.0.1.jar:/Users/Liam/.m2/repository/org/glassfish/hk2/hk2-api/2.5.0-b32/hk2-api-2.5.0-b32.jar:/Users/Liam/.m2/repository/org/glassfish/hk2/hk2-utils/2.5.0-b32/hk2-utils-2.5.0-b32.jar:/Users/Liam/.m2/repository/org/glassfish/hk2/external/aopalliance-repackaged/2.5.0-b32/aopalliance-repackaged-2.5.0-b32.jar:/Users/Liam/.m2/repository/org/glassfish/hk2/external/javax.inject/2.5.0-b32/javax.inject-2.5.0-b32.jar:/Users/Liam/.m2/repository/org/glassfish/hk2/hk2-locator/2.5.0-b32/hk2-locator-2.5.0-b32.jar:/Users/Liam/.m2/repository/org/glassfish/jersey/ext/rx/jersey-rx-client/2.25.1/jersey-rx-client-2.25.1.jar:/Users/Liam/.m2/repository/org/apache/httpcomponents/httpclient/4.5.5/httpclient-4.5.5.jar:/Users/Liam/.m2/repository/org/apache/httpcomponents/httpcore/4.4.9/httpcore-4.4.9.jar:/Users/Liam/.m2/repository/commons-codec/commons-codec/1.10/commons-codec-1.10.jar:/Users/Liam/.m2/repository/io/dropwizard/metrics/metrics-httpclient/4.0.2/metrics-httpclient-4.0.2.jar:/Users/Liam/.m2/repository/org/glassfish/jersey/connectors/jersey-apache-connector/2.25.1/jersey-apache-connector-2.25.1.jar:/Users/Liam/.m2/repository/io/dropwizard/dropwizard-hibernate/1.3.1/dropwizard-hibernate-1.3.1.jar:/Users/Liam/.m2/repository/io/dropwizard/dropwizard-db/1.3.1/dropwizard-db-1.3.1.jar:/Users/Liam/.m2/repository/org/apache/tomcat/tomcat-jdbc/9.0.5/tomcat-jdbc-9.0.5.jar:/Users/Liam/.m2/repository/org/apache/tomcat/tomcat-juli/9.0.5/tomcat-juli-9.0.5.jar:/Users/Liam/.m2/repository/com/fasterxml/jackson/datatype/jackson-datatype-hibernate5/2.9.5/jackson-datatype-hibernate5-2.9.5.jar:/Users/Liam/.m2/repository/org/jadira/usertype/usertype.core/7.0.0.CR1/usertype.core-7.0.0.CR1.jar:/Users/Liam/.m2/repository/org/jadira/usertype/usertype.spi/7.0.0.CR1/usertype.spi-7.0.0.CR1.jar:/Users/Liam/.m2/repository/org/hibernate/hibernate-core/5.2.15.Final/hibernate-core-5.2.15.Final.jar:/Users/Liam/.m2/repository/org/hibernate/javax/persistence/hibernate-jpa-2.1-api/1.0.0.Final/hibernate-jpa-2.1-api-1.0.0.Final.jar:/Users/Liam/.m2/repository/org/jboss/spec/javax/transaction/jboss-transaction-api_1.2_spec/1.0.1.Final/jboss-transaction-api_1.2_spec-1.0.1.Final.jar:/Users/Liam/.m2/repository/org/jboss/jandex/2.0.3.Final/jandex-2.0.3.Final.jar:/Users/Liam/.m2/repository/com/fasterxml/classmate/1.3.4/classmate-1.3.4.jar:/Users/Liam/.m2/repository/dom4j/dom4j/1.6.1/dom4j-1.6.1.jar:/Users/Liam/.m2/repository/org/hibernate/common/hibernate-commons-annotations/5.0.1.Final/hibernate-commons-annotations-5.0.1.Final.jar:/Users/Liam/.m2/repository/io/dropwizard/dropwizard-jdbi/1.3.1/dropwizard-jdbi-1.3.1.jar:/Users/Liam/.m2/repository/org/jdbi/jdbi/2.78/jdbi-2.78.jar:/Users/Liam/.m2/repository/io/dropwizard/metrics/metrics-jdbi/4.0.2/metrics-jdbi-4.0.2.jar:/Users/Liam/.m2/repository/io/dropwizard/dropwizard-assets/1.3.1/dropwizard-assets-1.3.1.jar:/Users/Liam/.m2/repository/mysql/mysql-connector-java/5.1.46/mysql-connector-java-5.1.46.jar:/Users/Liam/.m2/repository/io/dropwizard/dropwizard-migrations/1.3.1/dropwizard-migrations-1.3.1.jar:/Users/Liam/.m2/repository/org/liquibase/liquibase-core/3.5.5/liquibase-core-3.5.5.jar:/Users/Liam/.m2/repository/com/mattbertolini/liquibase-slf4j/2.0.0/liquibase-slf4j-2.0.0.jar:/Users/Liam/.m2/repository/io/dropwizard/dropwizard-testing/1.3.1/dropwizard-testing-1.3.1.jar:/Users/Liam/.m2/repository/junit/junit/4.12/junit-4.12.jar:/Users/Liam/.m2/repository/org/hamcrest/hamcrest-core/1.3/hamcrest-core-1.3.jar:/Users/Liam/.m2/repository/org/objenesis/objenesis/2.6/objenesis-2.6.jar:/Users/Liam/.m2/repository/org/assertj/assertj-core/3.9.1/assertj-core-3.9.1.jar:/Users/Liam/.m2/repository/org/glassfish/jersey/test-framework/providers/jersey-test-framework-provider-inmemory/2.25.1/jersey-test-framework-provider-inmemory-2.25.1.jar:/Users/Liam/.m2/repository/org/glassfish/jersey/test-framework/jersey-test-framework-core/2.25.1/jersey-test-framework-core-2.25.1.jar:/Users/Liam/.m2/repository/org/antlr/stringtemplate/3.2.1/stringtemplate-3.2.1.jar:/Users/Liam/.m2/repository/antlr/antlr/2.7.7/antlr-2.7.7.jar:/Users/Liam/.m2/repository/org/apache/maven/plugins/maven-surefire-plugin/2.22.2/maven-surefire-plugin-2.22.2.jar:/Users/Liam/.m2/repository/org/apache/maven/surefire/maven-surefire-common/2.22.2/maven-surefire-common-2.22.2.jar:/Users/Liam/.m2/repository/org/apache/maven/maven-plugin-api/2.2.1/maven-plugin-api-2.2.1.jar:/Users/Liam/.m2/repository/org/apache/maven/plugin-tools/maven-plugin-annotations/3.5.2/maven-plugin-annotations-3.5.2.jar:/Users/Liam/.m2/repository/org/apache/maven/surefire/surefire-api/2.22.2/surefire-api-2.22.2.jar:/Users/Liam/.m2/repository/org/apache/maven/surefire/surefire-logger-api/2.22.2/surefire-logger-api-2.22.2.jar:/Users/Liam/.m2/repository/org/apache/maven/surefire/surefire-booter/2.22.2/surefire-booter-2.22.2.jar:/Users/Liam/.m2/repository/org/apache/maven/maven-artifact/2.2.1/maven-artifact-2.2.1.jar:/Users/Liam/.m2/repository/org/codehaus/plexus/plexus-utils/1.5.15/plexus-utils-1.5.15.jar:/Users/Liam/.m2/repository/org/apache/maven/maven-plugin-descriptor/2.2.1/maven-plugin-descriptor-2.2.1.jar:/Users/Liam/.m2/repository/org/codehaus/plexus/plexus-container-default/1.0-alpha-9-stable-1/plexus-container-default-1.0-alpha-9-stable-1.jar:/Users/Liam/.m2/repository/org/apache/maven/maven-project/2.2.1/maven-project-2.2.1.jar:/Users/Liam/.m2/repository/org/apache/maven/maven-settings/2.2.1/maven-settings-2.2.1.jar:/Users/Liam/.m2/repository/org/apache/maven/maven-profile/2.2.1/maven-profile-2.2.1.jar:/Users/Liam/.m2/repository/org/apache/maven/maven-artifact-manager/2.2.1/maven-artifact-manager-2.2.1.jar:/Users/Liam/.m2/repository/backport-util-concurrent/backport-util-concurrent/3.1/backport-util-concurrent-3.1.jar:/Users/Liam/.m2/repository/org/apache/maven/maven-plugin-registry/2.2.1/maven-plugin-registry-2.2.1.jar:/Users/Liam/.m2/repository/org/codehaus/plexus/plexus-interpolation/1.11/plexus-interpolation-1.11.jar:/Users/Liam/.m2/repository/org/apache/maven/maven-model/2.2.1/maven-model-2.2.1.jar:/Users/Liam/.m2/repository/org/apache/maven/maven-core/2.2.1/maven-core-2.2.1.jar:/Users/Liam/.m2/repository/org/apache/maven/maven-plugin-parameter-documenter/2.2.1/maven-plugin-parameter-documenter-2.2.1.jar:/Users/Liam/.m2/repository/org/apache/maven/wagon/wagon-http/1.0-beta-6/wagon-http-1.0-beta-6.jar:/Users/Liam/.m2/repository/org/apache/maven/wagon/wagon-http-shared/1.0-beta-6/wagon-http-shared-1.0-beta-6.jar:/Users/Liam/.m2/repository/nekohtml/xercesMinimal/1.9.6.2/xercesMinimal-1.9.6.2.jar:/Users/Liam/.m2/repository/nekohtml/nekohtml/1.9.6.2/nekohtml-1.9.6.2.jar:/Users/Liam/.m2/repository/commons-httpclient/commons-httpclient/3.1/commons-httpclient-3.1.jar:/Users/Liam/.m2/repository/org/apache/maven/wagon/wagon-webdav-jackrabbit/1.0-beta-6/wagon-webdav-jackrabbit-1.0-beta-6.jar:/Users/Liam/.m2/repository/org/apache/jackrabbit/jackrabbit-webdav/1.5.0/jackrabbit-webdav-1.5.0.jar:/Users/Liam/.m2/repository/org/apache/jackrabbit/jackrabbit-jcr-commons/1.5.0/jackrabbit-jcr-commons-1.5.0.jar:/Users/Liam/.m2/repository/org/slf4j/slf4j-nop/1.5.3/slf4j-nop-1.5.3.jar:/Users/Liam/.m2/repository/org/slf4j/slf4j-jdk14/1.5.6/slf4j-jdk14-1.5.6.jar:/Users/Liam/.m2/repository/org/apache/maven/reporting/maven-reporting-api/2.2.1/maven-reporting-api-2.2.1.jar:/Users/Liam/.m2/repository/org/apache/maven/doxia/doxia-logging-api/1.1/doxia-logging-api-1.1.jar:/Users/Liam/.m2/repository/org/apache/maven/wagon/wagon-provider-api/1.0-beta-6/wagon-provider-api-1.0-beta-6.jar:/Users/Liam/.m2/repository/org/apache/maven/maven-repository-metadata/2.2.1/maven-repository-metadata-2.2.1.jar:/Users/Liam/.m2/repository/org/apache/maven/maven-error-diagnostics/2.2.1/maven-error-diagnostics-2.2.1.jar:/Users/Liam/.m2/repository/org/apache/maven/maven-monitor/2.2.1/maven-monitor-2.2.1.jar:/Users/Liam/.m2/repository/classworlds/classworlds/1.1/classworlds-1.1.jar:/Users/Liam/.m2/repository/org/sonatype/plexus/plexus-sec-dispatcher/1.3/plexus-sec-dispatcher-1.3.jar:/Users/Liam/.m2/repository/org/sonatype/plexus/plexus-cipher/1.4/plexus-cipher-1.4.jar:/Users/Liam/.m2/repository/org/apache/maven/maven-toolchain/2.2.1/maven-toolchain-2.2.1.jar:/Users/Liam/.m2/repository/org/codehaus/plexus/plexus-java/0.9.10/plexus-java-0.9.10.jar:/Users/Liam/.m2/repository/com/thoughtworks/qdox/qdox/2.0-M8/qdox-2.0-M8.jar:/Users/Liam/.m2/repository/org/junit/jupiter/junit-jupiter-api/5.4.1/junit-jupiter-api-5.4.1.jar:/Users/Liam/.m2/repository/org/apiguardian/apiguardian-api/1.0.0/apiguardian-api-1.0.0.jar:/Users/Liam/.m2/repository/org/opentest4j/opentest4j/1.1.1/opentest4j-1.1.1.jar:/Users/Liam/.m2/repository/org/junit/platform/junit-platform-commons/1.4.1/junit-platform-commons-1.4.1.jar:/Users/Liam/.m2/repository/org/mockito/mockito-junit-jupiter/4.7.0/mockito-junit-jupiter-4.7.0.jar:/Users/Liam/.m2/repository/org/mockito/mockito-core/2.15.0/mockito-core-2.15.0.jar:/Users/Liam/.m2/repository/net/bytebuddy/byte-buddy/1.7.9/byte-buddy-1.7.9.jar:/Users/Liam/.m2/repository/net/bytebuddy/byte-buddy-agent/1.7.9/byte-buddy-agent-1.7.9.jar:/Users/Liam/.m2/repository/com/github/tomakehurst/wiremock-jre8/2.33.2/wiremock-jre8-2.33.2.jar:/Users/Liam/.m2/repository/org/eclipse/jetty/jetty-server/9.4.8.v20171121/jetty-server-9.4.8.v20171121.jar:/Users/Liam/.m2/repository/javax/servlet/javax.servlet-api/3.1.0/javax.servlet-api-3.1.0.jar:/Users/Liam/.m2/repository/org/eclipse/jetty/jetty-io/9.4.8.v20171121/jetty-io-9.4.8.v20171121.jar:/Users/Liam/.m2/repository/org/eclipse/jetty/jetty-servlet/9.4.8.v20171121/jetty-servlet-9.4.8.v20171121.jar:/Users/Liam/.m2/repository/org/eclipse/jetty/jetty-security/9.4.8.v20171121/jetty-security-9.4.8.v20171121.jar:/Users/Liam/.m2/repository/org/eclipse/jetty/jetty-servlets/9.4.8.v20171121/jetty-servlets-9.4.8.v20171121.jar:/Users/Liam/.m2/repository/org/eclipse/jetty/jetty-webapp/9.4.8.v20171121/jetty-webapp-9.4.8.v20171121.jar:/Users/Liam/.m2/repository/org/eclipse/jetty/jetty-xml/9.4.8.v20171121/jetty-xml-9.4.8.v20171121.jar:/Users/Liam/.m2/repository/org/eclipse/jetty/jetty-proxy/9.4.46.v20220331/jetty-proxy-9.4.46.v20220331.jar:/Users/Liam/.m2/repository/org/eclipse/jetty/jetty-client/9.4.8.v20171121/jetty-client-9.4.8.v20171121.jar:/Users/Liam/.m2/repository/org/eclipse/jetty/http2/http2-server/9.4.8.v20171121/http2-server-9.4.8.v20171121.jar:/Users/Liam/.m2/repository/org/eclipse/jetty/http2/http2-common/9.4.8.v20171121/http2-common-9.4.8.v20171121.jar:/Users/Liam/.m2/repository/org/eclipse/jetty/http2/http2-hpack/9.4.8.v20171121/http2-hpack-9.4.8.v20171121.jar:/Users/Liam/.m2/repository/org/eclipse/jetty/jetty-alpn-server/9.4.46.v20220331/jetty-alpn-server-9.4.46.v20220331.jar:/Users/Liam/.m2/repository/org/eclipse/jetty/jetty-alpn-java-server/9.4.8.v20171121/jetty-alpn-java-server-9.4.8.v20171121.jar:/Users/Liam/.m2/repository/org/eclipse/jetty/alpn/alpn-api/1.1.3.v20160715/alpn-api-1.1.3.v20160715.jar:/Users/Liam/.m2/repository/org/eclipse/jetty/jetty-alpn-openjdk8-server/9.4.8.v20171121/jetty-alpn-openjdk8-server-9.4.8.v20171121.jar:/Users/Liam/.m2/repository/org/eclipse/jetty/jetty-alpn-java-client/9.4.8.v20171121/jetty-alpn-java-client-9.4.8.v20171121.jar:/Users/Liam/.m2/repository/org/eclipse/jetty/jetty-alpn-client/9.4.8.v20171121/jetty-alpn-client-9.4.8.v20171121.jar:/Users/Liam/.m2/repository/org/eclipse/jetty/jetty-alpn-openjdk8-client/9.4.8.v20171121/jetty-alpn-openjdk8-client-9.4.8.v20171121.jar:/Users/Liam/.m2/repository/com/google/guava/guava/24.0-jre/guava-24.0-jre.jar:/Users/Liam/.m2/repository/org/checkerframework/checker-compat-qual/2.0.0/checker-compat-qual-2.0.0.jar:/Users/Liam/.m2/repository/com/google/errorprone/error_prone_annotations/2.1.3/error_prone_annotations-2.1.3.jar:/Users/Liam/.m2/repository/com/google/j2objc/j2objc-annotations/1.1/j2objc-annotations-1.1.jar:/Users/Liam/.m2/repository/org/codehaus/mojo/animal-sniffer-annotations/1.14/animal-sniffer-annotations-1.14.jar:/Users/Liam/.m2/repository/com/fasterxml/jackson/core/jackson-core/2.9.5/jackson-core-2.9.5.jar:/Users/Liam/.m2/repository/com/fasterxml/jackson/core/jackson-annotations/2.9.0/jackson-annotations-2.9.0.jar:/Users/Liam/.m2/repository/com/fasterxml/jackson/core/jackson-databind/2.9.5/jackson-databind-2.9.5.jar:/Users/Liam/.m2/repository/org/apache/httpcomponents/client5/httpclient5/5.1.3/httpclient5-5.1.3.jar:/Users/Liam/.m2/repository/org/apache/httpcomponents/core5/httpcore5/5.1.3/httpcore5-5.1.3.jar:/Users/Liam/.m2/repository/org/apache/httpcomponents/core5/httpcore5-h2/5.1.3/httpcore5-h2-5.1.3.jar:/Users/Liam/.m2/repository/org/xmlunit/xmlunit-core/2.9.0/xmlunit-core-2.9.0.jar:/Users/Liam/.m2/repository/jakarta/xml/bind/jakarta.xml.bind-api/2.3.3/jakarta.xml.bind-api-2.3.3.jar:/Users/Liam/.m2/repository/jakarta/activation/jakarta.activation-api/1.2.2/jakarta.activation-api-1.2.2.jar:/Users/Liam/.m2/repository/org/xmlunit/xmlunit-legacy/2.9.0/xmlunit-legacy-2.9.0.jar:/Users/Liam/.m2/repository/org/xmlunit/xmlunit-placeholders/2.9.0/xmlunit-placeholders-2.9.0.jar:/Users/Liam/.m2/repository/net/javacrumbs/json-unit/json-unit-core/2.33.0/json-unit-core-2.33.0.jar:/Users/Liam/.m2/repository/com/jayway/jsonpath/json-path/2.7.0/json-path-2.7.0.jar:/Users/Liam/.m2/repository/net/minidev/json-smart/2.4.7/json-smart-2.4.7.jar:/Users/Liam/.m2/repository/net/minidev/accessors-smart/2.4.7/accessors-smart-2.4.7.jar:/Users/Liam/.m2/repository/org/ow2/asm/asm/9.3/asm-9.3.jar:/Users/Liam/.m2/repository/org/slf4j/slf4j-api/1.7.25/slf4j-api-1.7.25.jar:/Users/Liam/.m2/repository/net/sf/jopt-simple/jopt-simple/5.0.4/jopt-simple-5.0.4.jar:/Users/Liam/.m2/repository/org/apache/commons/commons-lang3/3.7/commons-lang3-3.7.jar:/Users/Liam/.m2/repository/com/github/jknack/handlebars/4.3.0/handlebars-4.3.0.jar:/Users/Liam/.m2/repository/com/github/jknack/handlebars-helpers/4.3.0/handlebars-helpers-4.3.0.jar:/Users/Liam/.m2/repository/commons-fileupload/commons-fileupload/1.4/commons-fileupload-1.4.jar:/Users/Liam/.m2/repository/commons-io/commons-io/2.11.0/commons-io-2.11.0.jar:"/>
    <property name="java.vm.vendor" value="Homebrew"/>
    <property name="sun.arch.data.model" value="64"/>
    <property name="java.vendor.url" value="https://github.com/Homebrew/homebrew-core/issues"/>
    <property name="user.timezone" value="America/Chicago"/>
    <property name="os.name" value="Mac OS X"/>
    <property name="java.vm.specification.version" value="18"/>
    <property name="sun.java.launcher" value="SUN_STANDARD"/>
    <property name="user.country" value="US"/>
    <property name="sun.boot.library.path" value="/usr/local/Cellar/openjdk/18.0.2.1/libexec/openjdk.jdk/Contents/Home/lib"/>
    <property name="sun.java.command" value="/Users/Liam/interview-api/target/surefire/surefirebooter-20220908210617075_3.jar /Users/Liam/interview-api/target/surefire 2022-09-08T21-06-16_869-jvmRun1 surefire-20220908210617075_1tmp surefire_0-20220908210617075_2tmp"/>
    <property name="http.nonProxyHosts" value="local|*.local|169.254/16|*.169.254/16"/>
    <property name="jdk.debug" value="release"/>
    <property name="surefire.test.class.path" value="/Users/Liam/interview-api/target/test-classes:/Users/Liam/interview-api/target/classes:/Users/Liam/.m2/repository/io/dropwizard/dropwizard-core/1.3.1/dropwizard-core-1.3.1.jar:/Users/Liam/.m2/repository/io/dropwizard/dropwizard-util/1.3.1/dropwizard-util-1.3.1.jar:/Users/Liam/.m2/repository/com/google/code/findbugs/jsr305/3.0.2/jsr305-3.0.2.jar:/Users/Liam/.m2/repository/joda-time/joda-time/2.9.9/joda-time-2.9.9.jar:/Users/Liam/.m2/repository/io/dropwizard/dropwizard-jackson/1.3.1/dropwizard-jackson-1.3.1.jar:/Users/Liam/.m2/repository/com/fasterxml/jackson/datatype/jackson-datatype-guava/2.9.5/jackson-datatype-guava-2.9.5.jar:/Users/Liam/.m2/repository/com/fasterxml/jackson/datatype/jackson-datatype-jsr310/2.9.5/jackson-datatype-jsr310-2.9.5.jar:/Users/Liam/.m2/repository/com/fasterxml/jackson/datatype/jackson-datatype-jdk8/2.9.5/jackson-datatype-jdk8-2.9.5.jar:/Users/Liam/.m2/repository/com/fasterxml/jackson/module/jackson-module-parameter-names/2.9.5/jackson-module-parameter-names-2.9.5.jar:/Users/Liam/.m2/repository/com/fasterxml/jackson/module/jackson-module-afterburner/2.9.5/jackson-module-afterburner-2.9.5.jar:/Users/Liam/.m2/repository/com/fasterxml/jackson/datatype/jackson-datatype-joda/2.9.5/jackson-datatype-joda-2.9.5.jar:/Users/Liam/.m2/repository/io/dropwizard/dropwizard-validation/1.3.1/dropwizard-validation-1.3.1.jar:/Users/Liam/.m2/repository/org/hibernate/hibernate-validator/5.4.2.Final/hibernate-validator-5.4.2.Final.jar:/Users/Liam/.m2/repository/javax/validation/validation-api/1.1.0.Final/validation-api-1.1.0.Final.jar:/Users/Liam/.m2/repository/org/jboss/logging/jboss-logging/3.3.0.Final/jboss-logging-3.3.0.Final.jar:/Users/Liam/.m2/repository/org/glassfish/javax.el/3.0.0/javax.el-3.0.0.jar:/Users/Liam/.m2/repository/org/javassist/javassist/3.22.0-GA/javassist-3.22.0-GA.jar:/Users/Liam/.m2/repository/io/dropwizard/dropwizard-configuration/1.3.1/dropwizard-configuration-1.3.1.jar:/Users/Liam/.m2/repository/com/fasterxml/jackson/dataformat/jackson-dataformat-yaml/2.9.5/jackson-dataformat-yaml-2.9.5.jar:/Users/Liam/.m2/repository/org/yaml/snakeyaml/1.18/snakeyaml-1.18.jar:/Users/Liam/.m2/repository/org/apache/commons/commons-text/1.2/commons-text-1.2.jar:/Users/Liam/.m2/repository/io/dropwizard/dropwizard-logging/1.3.1/dropwizard-logging-1.3.1.jar:/Users/Liam/.m2/repository/io/dropwizard/metrics/metrics-logback/4.0.2/metrics-logback-4.0.2.jar:/Users/Liam/.m2/repository/org/slf4j/jul-to-slf4j/1.7.25/jul-to-slf4j-1.7.25.jar:/Users/Liam/.m2/repository/ch/qos/logback/logback-core/1.2.3/logback-core-1.2.3.jar:/Users/Liam/.m2/repository/ch/qos/logback/logback-classic/1.2.3/logback-classic-1.2.3.jar:/Users/Liam/.m2/repository/org/slf4j/log4j-over-slf4j/1.7.25/log4j-over-slf4j-1.7.25.jar:/Users/Liam/.m2/repository/org/slf4j/jcl-over-slf4j/1.7.25/jcl-over-slf4j-1.7.25.jar:/Users/Liam/.m2/repository/org/eclipse/jetty/jetty-util/9.4.8.v20171121/jetty-util-9.4.8.v20171121.jar:/Users/Liam/.m2/repository/io/dropwizard/dropwizard-metrics/1.3.1/dropwizard-metrics-1.3.1.jar:/Users/Liam/.m2/repository/io/dropwizard/dropwizard-jersey/1.3.1/dropwizard-jersey-1.3.1.jar:/Users/Liam/.m2/repository/org/glassfish/jersey/core/jersey-server/2.25.1/jersey-server-2.25.1.jar:/Users/Liam/.m2/repository/org/glassfish/jersey/media/jersey-media-jaxb/2.25.1/jersey-media-jaxb-2.25.1.jar:/Users/Liam/.m2/repository/javax/annotation/javax.annotation-api/1.2/javax.annotation-api-1.2.jar:/Users/Liam/.m2/repository/org/glassfish/jersey/ext/jersey-metainf-services/2.25.1/jersey-metainf-services-2.25.1.jar:/Users/Liam/.m2/repository/org/glassfish/jersey/ext/jersey-bean-validation/2.25.1/jersey-bean-validation-2.25.1.jar:/Users/Liam/.m2/repository/io/dropwizard/metrics/metrics-jersey2/4.0.2/metrics-jersey2-4.0.2.jar:/Users/Liam/.m2/repository/com/fasterxml/jackson/jaxrs/jackson-jaxrs-json-provider/2.9.5/jackson-jaxrs-json-provider-2.9.5.jar:/Users/Liam/.m2/repository/com/fasterxml/jackson/jaxrs/jackson-jaxrs-base/2.9.5/jackson-jaxrs-base-2.9.5.jar:/Users/Liam/.m2/repository/com/fasterxml/jackson/module/jackson-module-jaxb-annotations/2.9.5/jackson-module-jaxb-annotations-2.9.5.jar:/Users/Liam/.m2/repository/org/glassfish/jersey/containers/jersey-container-servlet/2.25.1/jersey-container-servlet-2.25.1.jar:/Users/Liam/.m2/repository/org/glassfish/jersey/containers/jersey-container-servlet-core/2.25.1/jersey-container-servlet-core-2.25.1.jar:/Users/Liam/.m2/repository/org/eclipse/jetty/jetty-continuation/9.4.8.v20171121/jetty-continuation-9.4.8.v20171121.jar:/Users/Liam/.m2/repository/io/dropwizard/dropwizard-servlets/1.3.1/dropwizard-servlets-1.3.1.jar:/Users/Liam/.m2/repository/io/dropwizard/metrics/metrics-annotation/4.0.2/metrics-annotation-4.0.2.jar:/Users/Liam/.m2/repository/io/dropwizard/dropwizard-jetty/1.3.1/dropwizard-jetty-1.3.1.jar:/Users/Liam/.m2/repository/io/dropwizard/metrics/metrics-jetty9/4.0.2/metrics-jetty9-4.0.2.jar:/Users/Liam/.m2/repository/org/eclipse/jetty/jetty-http/9.4.8.v20171121/jetty-http-9.4.8.v20171121.jar:/Users/Liam/.m2/repository/io/dropwizard/dropwizard-lifecycle/1.3.1/dropwizard-lifecycle-1.3.1.jar:/Users/Liam/.m2/repository/io/dropwizard/metrics/metrics-core/4.0.2/metrics-core-4.0.2.jar:/Users/Liam/.m2/repository/io/dropwizard/metrics/metrics-jvm/4.0.2/metrics-jvm-4.0.2.jar:/Users/Liam/.m2/repository/io/dropwizard/metrics/metrics-jmx/4.0.2/metrics-jmx-4.0.2.jar:/Users/Liam/.m2/repository/io/dropwizard/metrics/metrics-servlets/4.0.2/metrics-servlets-4.0.2.jar:/Users/Liam/.m2/repository/io/dropwizard/metrics/metrics-json/4.0.2/metrics-json-4.0.2.jar:/Users/Liam/.m2/repository/com/papertrail/profiler/1.0.2/profiler-1.0.2.jar:/Users/Liam/.m2/repository/io/dropwizard/metrics/metrics-healthchecks/4.0.2/metrics-healthchecks-4.0.2.jar:/Users/Liam/.m2/repository/io/dropwizard/dropwizard-request-logging/1.3.1/dropwizard-request-logging-1.3.1.jar:/Users/Liam/.m2/repository/ch/qos/logback/logback-access/1.2.3/logback-access-1.2.3.jar:/Users/Liam/.m2/repository/net/sourceforge/argparse4j/argparse4j/0.8.1/argparse4j-0.8.1.jar:/Users/Liam/.m2/repository/org/eclipse/jetty/toolchain/setuid/jetty-setuid-java/1.0.3/jetty-setuid-java-1.0.3.jar:/Users/Liam/.m2/repository/io/dropwizard/dropwizard-client/1.3.1/dropwizard-client-1.3.1.jar:/Users/Liam/.m2/repository/org/glassfish/jersey/core/jersey-client/2.25.1/jersey-client-2.25.1.jar:/Users/Liam/.m2/repository/javax/ws/rs/javax.ws.rs-api/2.0.1/javax.ws.rs-api-2.0.1.jar:/Users/Liam/.m2/repository/org/glassfish/jersey/core/jersey-common/2.25.1/jersey-common-2.25.1.jar:/Users/Liam/.m2/repository/org/glassfish/jersey/bundles/repackaged/jersey-guava/2.25.1/jersey-guava-2.25.1.jar:/Users/Liam/.m2/repository/org/glassfish/hk2/osgi-resource-locator/1.0.1/osgi-resource-locator-1.0.1.jar:/Users/Liam/.m2/repository/org/glassfish/hk2/hk2-api/2.5.0-b32/hk2-api-2.5.0-b32.jar:/Users/Liam/.m2/repository/org/glassfish/hk2/hk2-utils/2.5.0-b32/hk2-utils-2.5.0-b32.jar:/Users/Liam/.m2/repository/org/glassfish/hk2/external/aopalliance-repackaged/2.5.0-b32/aopalliance-repackaged-2.5.0-b32.jar:/Users/Liam/.m2/repository/org/glassfish/hk2/external/javax.inject/2.5.0-b32/javax.inject-2.5.0-b32.jar:/Users/Liam/.m2/repository/org/glassfish/hk2/hk2-locator/2.5.0-b32/hk2-locator-2.5.0-b32.jar:/Users/Liam/.m2/repository/org/glassfish/jersey/ext/rx/jersey-rx-client/2.25.1/jersey-rx-client-2.25.1.jar:/Users/Liam/.m2/repository/org/apache/httpcomponents/httpclient/4.5.5/httpclient-4.5.5.jar:/Users/Liam/.m2/repository/org/apache/httpcomponents/httpcore/4.4.9/httpcore-4.4.9.jar:/Users/Liam/.m2/repository/commons-codec/commons-codec/1.10/commons-codec-1.10.jar:/Users/Liam/.m2/repository/io/dropwizard/metrics/metrics-httpclient/4.0.2/metrics-httpclient-4.0.2.jar:/Users/Liam/.m2/repository/org/glassfish/jersey/connectors/jersey-apache-connector/2.25.1/jersey-apache-connector-2.25.1.jar:/Users/Liam/.m2/repository/io/dropwizard/dropwizard-hibernate/1.3.1/dropwizard-hibernate-1.3.1.jar:/Users/Liam/.m2/repository/io/dropwizard/dropwizard-db/1.3.1/dropwizard-db-1.3.1.jar:/Users/Liam/.m2/repository/org/apache/tomcat/tomcat-jdbc/9.0.5/tomcat-jdbc-9.0.5.jar:/Users/Liam/.m2/repository/org/apache/tomcat/tomcat-juli/9.0.5/tomcat-juli-9.0.5.jar:/Users/Liam/.m2/repository/com/fasterxml/jackson/datatype/jackson-datatype-hibernate5/2.9.5/jackson-datatype-hibernate5-2.9.5.jar:/Users/Liam/.m2/repository/org/jadira/usertype/usertype.core/7.0.0.CR1/usertype.core-7.0.0.CR1.jar:/Users/Liam/.m2/repository/org/jadira/usertype/usertype.spi/7.0.0.CR1/usertype.spi-7.0.0.CR1.jar:/Users/Liam/.m2/repository/org/hibernate/hibernate-core/5.2.15.Final/hibernate-core-5.2.15.Final.jar:/Users/Liam/.m2/repository/org/hibernate/javax/persistence/hibernate-jpa-2.1-api/1.0.0.Final/hibernate-jpa-2.1-api-1.0.0.Final.jar:/Users/Liam/.m2/repository/org/jboss/spec/javax/transaction/jboss-transaction-api_1.2_spec/1.0.1.Final/jboss-transaction-api_1.2_spec-1.0.1.Final.jar:/Users/Liam/.m2/repository/org/jboss/jandex/2.0.3.Final/jandex-2.0.3.Final.jar:/Users/Liam/.m2/repository/com/fasterxml/classmate/1.3.4/classmate-1.3.4.jar:/Users/Liam/.m2/repository/dom4j/dom4j/1.6.1/dom4j-1.6.1.jar:/Users/Liam/.m2/repository/org/hibernate/common/hibernate-commons-annotations/5.0.1.Final/hibernate-commons-annotations-5.0.1.Final.jar:/Users/Liam/.m2/repository/io/dropwizard/dropwizard-jdbi/1.3.1/dropwizard-jdbi-1.3.1.jar:/Users/Liam/.m2/repository/org/jdbi/jdbi/2.78/jdbi-2.78.jar:/Users/Liam/.m2/repository/io/dropwizard/metrics/metrics-jdbi/4.0.2/metrics-jdbi-4.0.2.jar:/Users/Liam/.m2/repository/io/dropwizard/dropwizard-assets/1.3.1/dropwizard-assets-1.3.1.jar:/Users/Liam/.m2/repository/mysql/mysql-connector-java/5.1.46/mysql-connector-java-5.1.46.jar:/Users/Liam/.m2/repository/io/dropwizard/dropwizard-migrations/1.3.1/dropwizard-migrations-1.3.1.jar:/Users/Liam/.m2/repository/org/liquibase/liquibase-core/3.5.5/liquibase-core-3.5.5.jar:/Users/Liam/.m2/repository/com/mattbertolini/liquibase-slf4j/2.0.0/liquibase-slf4j-2.0.0.jar:/Users/Liam/.m2/repository/io/dropwizard/dropwizard-testing/1.3.1/dropwizard-testing-1.3.1.jar:/Users/Liam/.m2/repository/junit/junit/4.12/junit-4.12.jar:/Users/Liam/.m2/repository/org/hamcrest/hamcrest-core/1.3/hamcrest-core-1.3.jar:/Users/Liam/.m2/repository/org/objenesis/objenesis/2.6/objenesis-2.6.jar:/Users/Liam/.m2/repository/org/assertj/assertj-core/3.9.1/assertj-core-3.9.1.jar:/Users/Liam/.m2/repository/org/glassfish/jersey/test-framework/providers/jersey-test-framework-provider-inmemory/2.25.1/jersey-test-framework-provider-inmemory-2.25.1.jar:/Users/Liam/.m2/repository/org/glassfish/jersey/test-framework/jersey-test-framework-core/2.25.1/jersey-test-framework-core-2.25.1.jar:/Users/Liam/.m2/repository/org/antlr/stringtemplate/3.2.1/stringtemplate-3.2.1.jar:/Users/Liam/.m2/repository/antlr/antlr/2.7.7/antlr-2.7.7.jar:/Users/Liam/.m2/repository/org/apache/maven/plugins/maven-surefire-plugin/2.22.2/maven-surefire-plugin-2.22.2.jar:/Users/Liam/.m2/repository/org/apache/maven/surefire/maven-surefire-common/2.22.2/maven-surefire-common-2.22.2.jar:/Users/Liam/.m2/repository/org/apache/maven/maven-plugin-api/2.2.1/maven-plugin-api-2.2.1.jar:/Users/Liam/.m2/repository/org/apache/maven/plugin-tools/maven-plugin-annotations/3.5.2/maven-plugin-annotations-3.5.2.jar:/Users/Liam/.m2/repository/org/apache/maven/surefire/surefire-api/2.22.2/surefire-api-2.22.2.jar:/Users/Liam/.m2/repository/org/apache/maven/surefire/surefire-logger-api/2.22.2/surefire-logger-api-2.22.2.jar:/Users/Liam/.m2/repository/org/apache/maven/surefire/surefire-booter/2.22.2/surefire-booter-2.22.2.jar:/Users/Liam/.m2/repository/org/apache/maven/maven-artifact/2.2.1/maven-artifact-2.2.1.jar:/Users/Liam/.m2/repository/org/codehaus/plexus/plexus-utils/1.5.15/plexus-utils-1.5.15.jar:/Users/Liam/.m2/repository/org/apache/maven/maven-plugin-descriptor/2.2.1/maven-plugin-descriptor-2.2.1.jar:/Users/Liam/.m2/repository/org/codehaus/plexus/plexus-container-default/1.0-alpha-9-stable-1/plexus-container-default-1.0-alpha-9-stable-1.jar:/Users/Liam/.m2/repository/org/apache/maven/maven-project/2.2.1/maven-project-2.2.1.jar:/Users/Liam/.m2/repository/org/apache/maven/maven-settings/2.2.1/maven-settings-2.2.1.jar:/Users/Liam/.m2/repository/org/apache/maven/maven-profile/2.2.1/maven-profile-2.2.1.jar:/Users/Liam/.m2/repository/org/apache/maven/maven-artifact-manager/2.2.1/maven-artifact-manager-2.2.1.jar:/Users/Liam/.m2/repository/backport-util-concurrent/backport-util-concurrent/3.1/backport-util-concurrent-3.1.jar:/Users/Liam/.m2/repository/org/apache/maven/maven-plugin-registry/2.2.1/maven-plugin-registry-2.2.1.jar:/Users/Liam/.m2/repository/org/codehaus/plexus/plexus-interpolation/1.11/plexus-interpolation-1.11.jar:/Users/Liam/.m2/repository/org/apache/maven/maven-model/2.2.1/maven-model-2.2.1.jar:/Users/Liam/.m2/repository/org/apache/maven/maven-core/2.2.1/maven-core-2.2.1.jar:/Users/Liam/.m2/repository/org/apache/maven/maven-plugin-parameter-documenter/2.2.1/maven-plugin-parameter-documenter-2.2.1.jar:/Users/Liam/.m2/repository/org/apache/maven/wagon/wagon-http/1.0-beta-6/wagon-http-1.0-beta-6.jar:/Users/Liam/.m2/repository/org/apache/maven/wagon/wagon-http-shared/1.0-beta-6/wagon-http-shared-1.0-beta-6.jar:/Users/Liam/.m2/repository/nekohtml/xercesMinimal/1.9.6.2/xercesMinimal-1.9.6.2.jar:/Users/Liam/.m2/repository/nekohtml/nekohtml/1.9.6.2/nekohtml-1.9.6.2.jar:/Users/Liam/.m2/repository/commons-httpclient/commons-httpclient/3.1/commons-httpclient-3.1.jar:/Users/Liam/.m2/repository/org/apache/maven/wagon/wagon-webdav-jackrabbit/1.0-beta-6/wagon-webdav-jackrabbit-1.0-beta-6.jar:/Users/Liam/.m2/repository/org/apache/jackrabbit/jackrabbit-webdav/1.5.0/jackrabbit-webdav-1.5.0.jar:/Users/Liam/.m2/repository/org/apache/jackrabbit/jackrabbit-jcr-commons/1.5.0/jackrabbit-jcr-commons-1.5.0.jar:/Users/Liam/.m2/repository/org/slf4j/slf4j-nop/1.5.3/slf4j-nop-1.5.3.jar:/Users/Liam/.m2/repository/org/slf4j/slf4j-jdk14/1.5.6/slf4j-jdk14-1.5.6.jar:/Users/Liam/.m2/repository/org/apache/maven/reporting/maven-reporting-api/2.2.1/maven-reporting-api-2.2.1.jar:/Users/Liam/.m2/repository/org/apache/maven/doxia/doxia-logging-api/1.1/doxia-logging-api-1.1.jar:/Users/Liam/.m2/repository/org/apache/maven/wagon/wagon-provider-api/1.0-beta-6/wagon-provider-api-1.0-beta-6.jar:/Users/Liam/.m2/repository/org/apache/maven/maven-repository-metadata/2.2.1/maven-repository-metadata-2.2.1.jar:/Users/Liam/.m2/repository/org/apache/maven/maven-error-diagnostics/2.2.1/maven-error-diagnostics-2.2.1.jar:/Users/Liam/.m2/repository/org/apache/maven/maven-monitor/2.2.1/maven-monitor-2.2.1.jar:/Users/Liam/.m2/repository/classworlds/classworlds/1.1/classworlds-1.1.jar:/Users/Liam/.m2/repository/org/sonatype/plexus/plexus-sec-dispatcher/1.3/plexus-sec-dispatcher-1.3.jar:/Users/Liam/.m2/repository/org/sonatype/plexus/plexus-cipher/1.4/plexus-cipher-1.4.jar:/Users/Liam/.m2/repository/org/apache/maven/maven-toolchain/2.2.1/maven-toolchain-2.2.1.jar:/Users/Liam/.m2/repository/org/codehaus/plexus/plexus-java/0.9.10/plexus-java-0.9.10.jar:/Users/Liam/.m2/repository/com/thoughtworks/qdox/qdox/2.0-M8/qdox-2.0-M8.jar:/Users/Liam/.m2/repository/org/junit/jupiter/junit-jupiter-api/5.4.1/junit-jupiter-api-5.4.1.jar:/Users/Liam/.m2/repository/org/apiguardian/apiguardian-api/1.0.0/apiguardian-api-1.0.0.jar:/Users/Liam/.m2/repository/org/opentest4j/opentest4j/1.1.1/opentest4j-1.1.1.jar:/Users/Liam/.m2/repository/org/junit/platform/junit-platform-commons/1.4.1/junit-platform-commons-1.4.1.jar:/Users/Liam/.m2/repository/org/mockito/mockito-junit-jupiter/4.7.0/mockito-junit-jupiter-4.7.0.jar:/Users/Liam/.m2/repository/org/mockito/mockito-core/2.15.0/mockito-core-2.15.0.jar:/Users/Liam/.m2/repository/net/bytebuddy/byte-buddy/1.7.9/byte-buddy-1.7.9.jar:/Users/Liam/.m2/repository/net/bytebuddy/byte-buddy-agent/1.7.9/byte-buddy-agent-1.7.9.jar:/Users/Liam/.m2/repository/com/github/tomakehurst/wiremock-jre8/2.33.2/wiremock-jre8-2.33.2.jar:/Users/Liam/.m2/repository/org/eclipse/jetty/jetty-server/9.4.8.v20171121/jetty-server-9.4.8.v20171121.jar:/Users/Liam/.m2/repository/javax/servlet/javax.servlet-api/3.1.0/javax.servlet-api-3.1.0.jar:/Users/Liam/.m2/repository/org/eclipse/jetty/jetty-io/9.4.8.v20171121/jetty-io-9.4.8.v20171121.jar:/Users/Liam/.m2/repository/org/eclipse/jetty/jetty-servlet/9.4.8.v20171121/jetty-servlet-9.4.8.v20171121.jar:/Users/Liam/.m2/repository/org/eclipse/jetty/jetty-security/9.4.8.v20171121/jetty-security-9.4.8.v20171121.jar:/Users/Liam/.m2/repository/org/eclipse/jetty/jetty-servlets/9.4.8.v20171121/jetty-servlets-9.4.8.v20171121.jar:/Users/Liam/.m2/repository/org/eclipse/jetty/jetty-webapp/9.4.8.v20171121/jetty-webapp-9.4.8.v20171121.jar:/Users/Liam/.m2/repository/org/eclipse/jetty/jetty-xml/9.4.8.v20171121/jetty-xml-9.4.8.v20171121.jar:/Users/Liam/.m2/repository/org/eclipse/jetty/jetty-proxy/9.4.46.v20220331/jetty-proxy-9.4.46.v20220331.jar:/Users/Liam/.m2/repository/org/eclipse/jetty/jetty-client/9.4.8.v20171121/jetty-client-9.4.8.v20171121.jar:/Users/Liam/.m2/repository/org/eclipse/jetty/http2/http2-server/9.4.8.v20171121/http2-server-9.4.8.v20171121.jar:/Users/Liam/.m2/repository/org/eclipse/jetty/http2/http2-common/9.4.8.v20171121/http2-common-9.4.8.v20171121.jar:/Users/Liam/.m2/repository/org/eclipse/jetty/http2/http2-hpack/9.4.8.v20171121/http2-hpack-9.4.8.v20171121.jar:/Users/Liam/.m2/repository/org/eclipse/jetty/jetty-alpn-server/9.4.46.v20220331/jetty-alpn-server-9.4.46.v20220331.jar:/Users/Liam/.m2/repository/org/eclipse/jetty/jetty-alpn-java-server/9.4.8.v20171121/jetty-alpn-java-server-9.4.8.v20171121.jar:/Users/Liam/.m2/repository/org/eclipse/jetty/alpn/alpn-api/1.1.3.v20160715/alpn-api-1.1.3.v20160715.jar:/Users/Liam/.m2/repository/org/eclipse/jetty/jetty-alpn-openjdk8-server/9.4.8.v20171121/jetty-alpn-openjdk8-server-9.4.8.v20171121.jar:/Users/Liam/.m2/repository/org/eclipse/jetty/jetty-alpn-java-client/9.4.8.v20171121/jetty-alpn-java-client-9.4.8.v20171121.jar:/Users/Liam/.m2/repository/org/eclipse/jetty/jetty-alpn-client/9.4.8.v20171121/jetty-alpn-client-9.4.8.v20171121.jar:/Users/Liam/.m2/repository/org/eclipse/jetty/jetty-alpn-openjdk8-client/9.4.8.v20171121/jetty-alpn-openjdk8-client-9.4.8.v20171121.jar:/Users/Liam/.m2/repository/com/google/guava/guava/24.0-jre/guava-24.0-jre.jar:/Users/Liam/.m2/repository/org/checkerframework/checker-compat-qual/2.0.0/checker-compat-qual-2.0.0.jar:/Users/Liam/.m2/repository/com/google/errorprone/error_prone_annotations/2.1.3/error_prone_annotations-2.1.3.jar:/Users/Liam/.m2/repository/com/google/j2objc/j2objc-annotations/1.1/j2objc-annotations-1.1.jar:/Users/Liam/.m2/repository/org/codehaus/mojo/animal-sniffer-annotations/1.14/animal-sniffer-annotations-1.14.jar:/Users/Liam/.m2/repository/com/fasterxml/jackson/core/jackson-core/2.9.5/jackson-core-2.9.5.jar:/Users/Liam/.m2/repository/com/fasterxml/jackson/core/jackson-annotations/2.9.0/jackson-annotations-2.9.0.jar:/Users/Liam/.m2/repository/com/fasterxml/jackson/core/jackson-databind/2.9.5/jackson-databind-2.9.5.jar:/Users/Liam/.m2/repository/org/apache/httpcomponents/client5/httpclient5/5.1.3/httpclient5-5.1.3.jar:/Users/Liam/.m2/repository/org/apache/httpcomponents/core5/httpcore5/5.1.3/httpcore5-5.1.3.jar:/Users/Liam/.m2/repository/org/apache/httpcomponents/core5/httpcore5-h2/5.1.3/httpcore5-h2-5.1.3.jar:/Users/Liam/.m2/repository/org/xmlunit/xmlunit-core/2.9.0/xmlunit-core-2.9.0.jar:/Users/Liam/.m2/repository/jakarta/xml/bind/jakarta.xml.bind-api/2.3.3/jakarta.xml.bind-api-2.3.3.jar:/Users/Liam/.m2/repository/jakarta/activation/jakarta.activation-api/1.2.2/jakarta.activation-api-1.2.2.jar:/Users/Liam/.m2/repository/org/xmlunit/xmlunit-legacy/2.9.0/xmlunit-legacy-2.9.0.jar:/Users/Liam/.m2/repository/org/xmlunit/xmlunit-placeholders/2.9.0/xmlunit-placeholders-2.9.0.jar:/Users/Liam/.m2/repository/net/javacrumbs/json-unit/json-unit-core/2.33.0/json-unit-core-2.33.0.jar:/Users/Liam/.m2/repository/com/jayway/jsonpath/json-path/2.7.0/json-path-2.7.0.jar:/Users/Liam/.m2/repository/net/minidev/json-smart/2.4.7/json-smart-2.4.7.jar:/Users/Liam/.m2/repository/net/minidev/accessors-smart/2.4.7/accessors-smart-2.4.7.jar:/Users/Liam/.m2/repository/org/ow2/asm/asm/9.3/asm-9.3.jar:/Users/Liam/.m2/repository/org/slf4j/slf4j-api/1.7.25/slf4j-api-1.7.25.jar:/Users/Liam/.m2/repository/net/sf/jopt-simple/jopt-simple/5.0.4/jopt-simple-5.0.4.jar:/Users/Liam/.m2/repository/org/apache/commons/commons-lang3/3.7/commons-lang3-3.7.jar:/Users/Liam/.m2/repository/com/github/jknack/handlebars/4.3.0/handlebars-4.3.0.jar:/Users/Liam/.m2/repository/com/github/jknack/handlebars-helpers/4.3.0/handlebars-helpers-4.3.0.jar:/Users/Liam/.m2/repository/commons-fileupload/commons-fileupload/1.4/commons-fileupload-1.4.jar:/Users/Liam/.m2/repository/commons-io/commons-io/2.11.0/commons-io-2.11.0.jar:"/>
    <property name="sun.cpu.endian" value="little"/>
    <property name="user.home" value="/Users/Liam"/>
    <property name="user.language" value="en"/>
    <property name="java.specification.vendor" value="Oracle Corporation"/>
    <property name="java.version.date" value="2022-08-18"/>
    <property name="java.home" value="/usr/local/Cellar/openjdk/18.0.2.1/libexec/openjdk.jdk/Contents/Home"/>
    <property name="file.separator" value="/"/>
    <property name="basedir" value="/Users/Liam/interview-api"/>
    <property name="java.vm.compressedOopsMode" value="Zero based"/>
    <property name="line.separator" value="&#10;"/>
    <property name="java.vm.specification.vendor" value="Oracle Corporation"/>
    <property name="java.specification.name" value="Java Platform API Specification"/>
    <property name="apple.awt.application.name" value="ForkedBooter"/>
    <property name="surefire.real.class.path" value="/Users/Liam/interview-api/target/surefire/surefirebooter-20220908210617075_3.jar"/>
    <property name="sun.management.compiler" value="HotSpot 64-Bit Tiered Compilers"/>
    <property name="ftp.nonProxyHosts" value="local|*.local|169.254/16|*.169.254/16"/>
    <property name="java.runtime.version" value="18.0.2.1+0"/>
    <property name="user.name" value="Liam"/>
    <property name="path.separator" value=":"/>
    <property name="os.version" value="11.6.5"/>
    <property name="java.runtime.name" value="OpenJDK Runtime Environment"/>
    <property name="file.encoding" value="UTF-8"/>
    <property name="java.vm.name" value="OpenJDK 64-Bit Server VM"/>
    <property name="java.vendor.version" value="Homebrew"/>
    <property name="localRepository" value="/Users/Liam/.m2/repository"/>
    <property name="java.vendor.url.bug" value="https://github.com/Homebrew/homebrew-core/issues"/>
    <property name="jetty.git.hash" value="82b8fb23f757335bb3329d540ce37a2a2615f0a8"/>
    <property name="java.io.tmpdir" value="/var/folders/sf/hxc7lkj936983h9mvjjvskkc0000gn/T/"/>
    <property name="java.version" value="18.0.2.1"/>
    <property name="user.dir" value="/Users/Liam/interview-api"/>
    <property name="os.arch" value="x86_64"/>
    <property name="java.vm.specification.name" value="Java Virtual Machine Specification"/>
    <property name="native.encoding" value="UTF-8"/>
    <property name="java.library.path" value="/Users/Liam/Library/Java/Extensions:/Library/Java/Extensions:/Network/Library/Java/Extensions:/System/Library/Java/Extensions:/usr/lib/java:."/>
    <property name="java.vm.info" value="mixed mode, sharing"/>
    <property name="java.vendor" value="Homebrew"/>
    <property name="java.vm.version" value="18.0.2.1+0"/>
    <property name="sun.io.unicode.encoding" value="UnicodeBig"/>
    <property name="socksNonProxyHosts" value="local|*.local|169.254/16|*.169.254/16"/>
    <property name="java.class.version" value="62.0"/>
  </properties>
  <testcase name="" classname="com.example.interview.unit.dao.UserDAOTest" time="0.954">
    <error message="java.lang.ExceptionInInitializerError" type="java.lang.RuntimeException"><![CDATA[java.lang.RuntimeException: java.lang.ExceptionInInitializerError
	at io.dropwizard.testing.junit5.DropwizardExtensionsSupport.beforeAll(DropwizardExtensionsSupport.java:63)
	at org.junit.jupiter.engine.descriptor.ClassTestDescriptor.lambda$invokeBeforeAllCallbacks$8(ClassTestDescriptor.java:361)
	at org.junit.platform.engine.support.hierarchical.ThrowableCollector.execute(ThrowableCollector.java:73)
	at org.junit.jupiter.engine.descriptor.ClassTestDescriptor.invokeBeforeAllCallbacks(ClassTestDescriptor.java:361)
	at org.junit.jupiter.engine.descriptor.ClassTestDescriptor.before(ClassTestDescriptor.java:197)
	at org.junit.jupiter.engine.descriptor.ClassTestDescriptor.before(ClassTestDescriptor.java:77)
	at org.junit.platform.engine.support.hierarchical.NodeTestTask.lambda$executeRecursively$5(NodeTestTask.java:132)
	at org.junit.platform.engine.support.hierarchical.ThrowableCollector.execute(ThrowableCollector.java:73)
	at org.junit.platform.engine.support.hierarchical.NodeTestTask.lambda$executeRecursively$7(NodeTestTask.java:125)
	at org.junit.platform.engine.support.hierarchical.Node.around(Node.java:135)
	at org.junit.platform.engine.support.hierarchical.NodeTestTask.lambda$executeRecursively$8(NodeTestTask.java:123)
	at org.junit.platform.engine.support.hierarchical.ThrowableCollector.execute(ThrowableCollector.java:73)
	at org.junit.platform.engine.support.hierarchical.NodeTestTask.executeRecursively(NodeTestTask.java:122)
	at org.junit.platform.engine.support.hierarchical.NodeTestTask.execute(NodeTestTask.java:80)
	at java.base/java.util.ArrayList.forEach(ArrayList.java:1511)
	at org.junit.platform.engine.support.hierarchical.SameThreadHierarchicalTestExecutorService.invokeAll(SameThreadHierarchicalTestExecutorService.java:38)
	at org.junit.platform.engine.support.hierarchical.NodeTestTask.lambda$executeRecursively$5(NodeTestTask.java:139)
	at org.junit.platform.engine.support.hierarchical.ThrowableCollector.execute(ThrowableCollector.java:73)
	at org.junit.platform.engine.support.hierarchical.NodeTestTask.lambda$executeRecursively$7(NodeTestTask.java:125)
	at org.junit.platform.engine.support.hierarchical.Node.around(Node.java:135)
	at org.junit.platform.engine.support.hierarchical.NodeTestTask.lambda$executeRecursively$8(NodeTestTask.java:123)
	at org.junit.platform.engine.support.hierarchical.ThrowableCollector.execute(ThrowableCollector.java:73)
	at org.junit.platform.engine.support.hierarchical.NodeTestTask.executeRecursively(NodeTestTask.java:122)
	at org.junit.platform.engine.support.hierarchical.NodeTestTask.execute(NodeTestTask.java:80)
	at org.junit.platform.engine.support.hierarchical.SameThreadHierarchicalTestExecutorService.submit(SameThreadHierarchicalTestExecutorService.java:32)
	at org.junit.platform.engine.support.hierarchical.HierarchicalTestExecutor.execute(HierarchicalTestExecutor.java:57)
	at org.junit.platform.engine.support.hierarchical.HierarchicalTestEngine.execute(HierarchicalTestEngine.java:51)
	at org.junit.platform.launcher.core.DefaultLauncher.execute(DefaultLauncher.java:229)
	at org.junit.platform.launcher.core.DefaultLauncher.lambda$execute$6(DefaultLauncher.java:197)
	at org.junit.platform.launcher.core.DefaultLauncher.withInterceptedStreams(DefaultLauncher.java:211)
	at org.junit.platform.launcher.core.DefaultLauncher.execute(DefaultLauncher.java:191)
	at org.junit.platform.launcher.core.DefaultLauncher.execute(DefaultLauncher.java:128)
	at org.apache.maven.surefire.junitplatform.LazyLauncher.execute(LazyLauncher.java:55)
	at org.apache.maven.surefire.junitplatform.JUnitPlatformProvider.execute(JUnitPlatformProvider.java:223)
	at org.apache.maven.surefire.junitplatform.JUnitPlatformProvider.invokeAllTests(JUnitPlatformProvider.java:175)
	at org.apache.maven.surefire.junitplatform.JUnitPlatformProvider.invoke(JUnitPlatformProvider.java:139)
	at org.apache.maven.surefire.booter.ForkedBooter.runSuitesInProcess(ForkedBooter.java:456)
	at org.apache.maven.surefire.booter.ForkedBooter.execute(ForkedBooter.java:169)
	at org.apache.maven.surefire.booter.ForkedBooter.run(ForkedBooter.java:595)
	at org.apache.maven.surefire.booter.ForkedBooter.main(ForkedBooter.java:581)
Caused by: java.lang.ExceptionInInitializerError
	at org.skife.jdbi.v2.sqlobject.SqlObject.buildSqlObject(SqlObject.java:71)
	at org.skife.jdbi.v2.sqlobject.SqlObjectBuilder.onDemand(SqlObjectBuilder.java:64)
	at org.skife.jdbi.v2.DBI.onDemand(DBI.java:415)
	at com.example.interview.InterviewAPIApplication.run(InterviewAPIApplication.java:35)
	at com.example.interview.InterviewAPIApplication.run(InterviewAPIApplication.java:16)
	at io.dropwizard.cli.EnvironmentCommand.run(EnvironmentCommand.java:43)
	at io.dropwizard.cli.ConfiguredCommand.run(ConfiguredCommand.java:87)
	at io.dropwizard.testing.DropwizardTestSupport.startIfRequired(DropwizardTestSupport.java:237)
	at io.dropwizard.testing.DropwizardTestSupport.before(DropwizardTestSupport.java:151)
	at io.dropwizard.testing.junit5.DropwizardAppExtension.before(DropwizardAppExtension.java:157)
	at io.dropwizard.testing.junit5.DropwizardExtensionsSupport.beforeAll(DropwizardExtensionsSupport.java:60)
	... 39 more
Caused by: java.lang.IllegalStateException: Unable to load cache item
	at org.skife.jdbi.cglib.core.internal.LoadingCache.createEntry(LoadingCache.java:79)
	at org.skife.jdbi.cglib.core.internal.LoadingCache.get(LoadingCache.java:34)
	at org.skife.jdbi.cglib.core.AbstractClassGenerator$ClassLoaderData.get(AbstractClassGenerator.java:105)
	at org.skife.jdbi.cglib.core.AbstractClassGenerator.create(AbstractClassGenerator.java:278)
	at org.skife.jdbi.cglib.core.KeyFactory$Generator.create(KeyFactory.java:221)
	at org.skife.jdbi.cglib.core.KeyFactory.create(KeyFactory.java:174)
	at org.skife.jdbi.cglib.core.KeyFactory.create(KeyFactory.java:153)
	at org.skife.jdbi.cglib.proxy.Enhancer.<clinit>(Enhancer.java:73)
	... 50 more
Caused by: java.lang.ExceptionInInitializerError
	at org.skife.jdbi.cglib.core.KeyFactory$Generator.generateClass(KeyFactory.java:243)
	at org.skife.jdbi.cglib.core.DefaultGeneratorStrategy.generate(DefaultGeneratorStrategy.java:25)
	at org.skife.jdbi.cglib.core.AbstractClassGenerator.generate(AbstractClassGenerator.java:312)
	at org.skife.jdbi.cglib.core.AbstractClassGenerator$ClassLoaderData$3.apply(AbstractClassGenerator.java:85)
	at org.skife.jdbi.cglib.core.AbstractClassGenerator$ClassLoaderData$3.apply(AbstractClassGenerator.java:83)
	at org.skife.jdbi.cglib.core.internal.LoadingCache$2.call(LoadingCache.java:54)
	at java.base/java.util.concurrent.FutureTask.run(FutureTask.java:264)
	at org.skife.jdbi.cglib.core.internal.LoadingCache.createEntry(LoadingCache.java:61)
	... 57 more
Caused by: java.lang.reflect.InaccessibleObjectException: Unable to make protected final java.lang.Class java.lang.ClassLoader.defineClass(java.lang.String,byte[],int,int,java.security.ProtectionDomain) throws java.lang.ClassFormatError accessible: module java.base does not "opens java.lang" to unnamed module @61592c0
	at java.base/java.lang.reflect.AccessibleObject.checkCanSetAccessible(AccessibleObject.java:354)
	at java.base/java.lang.reflect.AccessibleObject.checkCanSetAccessible(AccessibleObject.java:297)
	at java.base/java.lang.reflect.Method.checkCanSetAccessible(Method.java:200)
	at java.base/java.lang.reflect.Method.setAccessible(Method.java:194)
	at org.skife.jdbi.cglib.core.ReflectUtils$1.run(ReflectUtils.java:54)
	at java.base/java.security.AccessController.doPrivileged(AccessController.java:318)
	at org.skife.jdbi.cglib.core.ReflectUtils.<clinit>(ReflectUtils.java:44)
	... 65 more
]]></error>
    <system-out><![CDATA[INFO  [2022-09-09 02:06:18,397] org.eclipse.jetty.util.log: Logging initialized @1233ms to org.eclipse.jetty.util.log.Slf4jLog
INFO  [2022-09-09 02:06:18,451] io.dropwizard.server.DefaultServerFactory: Registering jersey handler with root path prefix: /
INFO  [2022-09-09 02:06:18,452] io.dropwizard.server.DefaultServerFactory: Registering admin handler with root path prefix: /
]]></system-out>
    <system-err><![CDATA[SLF4J: Class path contains multiple SLF4J bindings.
SLF4J: Found binding in [jar:file:/Users/Liam/.m2/repository/ch/qos/logback/logback-classic/1.2.3/logback-classic-1.2.3.jar!/org/slf4j/impl/StaticLoggerBinder.class]
SLF4J: Found binding in [jar:file:/Users/Liam/.m2/repository/org/slf4j/slf4j-nop/1.5.3/slf4j-nop-1.5.3.jar!/org/slf4j/impl/StaticLoggerBinder.class]
SLF4J: Found binding in [jar:file:/Users/Liam/.m2/repository/org/slf4j/slf4j-jdk14/1.5.6/slf4j-jdk14-1.5.6.jar!/org/slf4j/impl/StaticLoggerBinder.class]
SLF4J: See http://www.slf4j.org/codes.html#multiple_bindings for an explanation.
SLF4J: Actual binding is of type [ch.qos.logback.classic.util.ContextSelectorStaticBinder]
]]></system-err>
  </testcase>
</testsuite>